# GEOMETRY:   CARTESIAN
200
1  -10.0  -9.9
2  -9.9  -9.8
3  -9.8  -9.7
4  -9.7  -9.6
5  -9.6  -9.5
6  -9.5  -9.4
7  -9.4  -9.3
8  -9.3  -9.2
9  -9.2  -9.1
10  -9.1  -9.0
11  -9.0  -8.9
12  -8.9  -8.8
13  -8.8  -8.7
14  -8.7  -8.6
15  -8.6  -8.5
16  -8.5  -8.4
17  -8.4  -8.3
18  -8.3  -8.2
19  -8.2  -8.1
20  -8.1  -8.0
21  -8.0  -7.9
22  -7.9  -7.8
23  -7.8  -7.7
24  -7.7  -7.6
25  -7.6  -7.5
26  -7.5  -7.4
27  -7.4  -7.3
28  -7.3  -7.2
29  -7.2  -7.1
30  -7.1  -7.0
31  -7.0  -6.9
32  -6.9  -6.8
33  -6.8  -6.7
34  -6.7  -6.6
35  -6.6  -6.5
36  -6.5  -6.4
37  -6.4  -6.3
38  -6.3  -6.2
39  -6.2  -6.1
40  -6.1  -6.0
41  -6.0  -5.9
42  -5.9  -5.8
43  -5.8  -5.7
44  -5.7  -5.6
45  -5.6  -5.5
46  -5.5  -5.4
47  -5.4  -5.3
48  -5.3  -5.2
49  -5.2  -5.1
50  -5.1  -5.0
51  -5.0  -4.9
52  -4.9  -4.8
53  -4.8  -4.7
54  -4.7  -4.6
55  -4.6  -4.5
56  -4.5  -4.4
57  -4.4  -4.3
58  -4.3  -4.2
59  -4.2  -4.1
60  -4.1  -4.0
61  -4.0  -3.9
62  -3.9  -3.8
63  -3.8  -3.7
64  -3.7  -3.6
65  -3.6  -3.5
66  -3.5  -3.4
67  -3.4  -3.3
68  -3.3  -3.2
69  -3.2  -3.1
70  -3.1  -3.0
71  -3.0  -2.9
72  -2.9  -2.8
73  -2.8  -2.7
74  -2.7  -2.6
75  -2.6  -2.5
76  -2.5  -2.4
77  -2.4  -2.3
78  -2.3  -2.2
79  -2.2  -2.1
80  -2.1  -2.0
81  -2.0  -1.9
82  -1.9  -1.8
83  -1.8  -1.7
84  -1.7  -1.6
85  -1.6  -1.5
86  -1.5  -1.4
87  -1.4  -1.3
88  -1.3  -1.2
89  -1.2  -1.1
90  -1.1  -1.0
91  -1.0  -0.9
92  -0.9  -0.8
93  -0.8  -0.7
94  -0.7  -0.6
95  -0.6  -0.5
96  -0.5  -0.4
97  -0.4  -0.3
98  -0.3  -0.2
99  -0.2  -0.1
100  -0.1  0.0
101  0.0  0.1
102  0.1  0.2
103  0.2  0.3
104  0.3  0.4
105  0.4  0.5
106  0.5  0.6
107  0.6  0.7
108  0.7  0.8
109  0.8  0.9
110  0.9  1.0
111  1.0  1.1
112  1.1  1.2
113  1.2  1.3
114  1.3  1.4
115  1.4  1.5
116  1.5  1.6
117  1.6  1.7
118  1.7  1.8
119  1.8  1.9
120  1.9  2.0
121  2.0  2.1
122  2.1  2.2
123  2.2  2.3
124  2.3  2.4
125  2.4  2.5
126  2.5  2.6
127  2.6  2.7
128  2.7  2.8
129  2.8  2.9
130  2.9  3.0
131  3.0  3.1
132  3.1  3.2
133  3.2  3.3
134  3.3  3.4
135  3.4  3.5
136  3.5  3.6
137  3.6  3.7
138  3.7  3.8
139  3.8  3.9
140  3.9  4.0
141  4.0  4.1
142  4.1  4.2
143  4.2  4.3
144  4.3  4.4
145  4.4  4.5
146  4.5  4.6
147  4.6  4.7
148  4.7  4.8
149  4.8  4.9
150  4.9  5.0
151  5.0  5.1
152  5.1  5.2
153  5.2  5.3
154  5.3  5.4
155  5.4  5.5
156  5.5  5.6
157  5.6  5.7
158  5.7  5.8
159  5.8  5.9
160  5.9  6.0
161  6.0  6.1
162  6.1  6.2
163  6.2  6.3
164  6.3  6.4
165  6.4  6.5
166  6.5  6.6
167  6.6  6.7
168  6.7  6.8
169  6.8  6.9
170  6.9  7.0
171  7.0  7.1
172  7.1  7.2
173  7.2  7.3
174  7.3  7.4
175  7.4  7.5
176  7.5  7.6
177  7.6  7.7
178  7.7  7.8
179  7.8  7.9
180  7.9  8.0
181  8.0  8.1
182  8.1  8.2
183  8.2  8.3
184  8.3  8.4
185  8.4  8.5
186  8.5  8.6
187  8.6  8.7
188  8.7  8.8
189  8.8  8.9
190  8.9  9.0
191  9.0  9.1
192  9.1  9.2
193  9.2  9.3
194  9.3  9.4
195  9.4  9.5
196  9.5  9.6
197  9.6  9.7
198  9.7  9.8
199  9.8  9.9
200  9.9  10.0
200
1  -10.0  -9.9
2  -9.9  -9.8
3  -9.8  -9.7
4  -9.7  -9.6
5  -9.6  -9.5
6  -9.5  -9.4
7  -9.4  -9.3
8  -9.3  -9.2
9  -9.2  -9.1
10  -9.1  -9.0
11  -9.0  -8.9
12  -8.9  -8.8
13  -8.8  -8.7
14  -8.7  -8.6
15  -8.6  -8.5
16  -8.5  -8.4
17  -8.4  -8.3
18  -8.3  -8.2
19  -8.2  -8.1
20  -8.1  -8.0
21  -8.0  -7.9
22  -7.9  -7.8
23  -7.8  -7.7
24  -7.7  -7.6
25  -7.6  -7.5
26  -7.5  -7.4
27  -7.4  -7.3
28  -7.3  -7.2
29  -7.2  -7.1
30  -7.1  -7.0
31  -7.0  -6.9
32  -6.9  -6.8
33  -6.8  -6.7
34  -6.7  -6.6
35  -6.6  -6.5
36  -6.5  -6.4
37  -6.4  -6.3
38  -6.3  -6.2
39  -6.2  -6.1
40  -6.1  -6.0
41  -6.0  -5.9
42  -5.9  -5.8
43  -5.8  -5.7
44  -5.7  -5.6
45  -5.6  -5.5
46  -5.5  -5.4
47  -5.4  -5.3
48  -5.3  -5.2
49  -5.2  -5.1
50  -5.1  -5.0
51  -5.0  -4.9
52  -4.9  -4.8
53  -4.8  -4.7
54  -4.7  -4.6
55  -4.6  -4.5
56  -4.5  -4.4
57  -4.4  -4.3
58  -4.3  -4.2
59  -4.2  -4.1
60  -4.1  -4.0
61  -4.0  -3.9
62  -3.9  -3.8
63  -3.8  -3.7
64  -3.7  -3.6
65  -3.6  -3.5
66  -3.5  -3.4
67  -3.4  -3.3
68  -3.3  -3.2
69  -3.2  -3.1
70  -3.1  -3.0
71  -3.0  -2.9
72  -2.9  -2.8
73  -2.8  -2.7
74  -2.7  -2.6
75  -2.6  -2.5
76  -2.5  -2.4
77  -2.4  -2.3
78  -2.3  -2.2
79  -2.2  -2.1
80  -2.1  -2.0
81  -2.0  -1.9
82  -1.9  -1.8
83  -1.8  -1.7
84  -1.7  -1.6
85  -1.6  -1.5
86  -1.5  -1.4
87  -1.4  -1.3
88  -1.3  -1.2
89  -1.2  -1.1
90  -1.1  -1.0
91  -1.0  -0.9
92  -0.9  -0.8
93  -0.8  -0.7
94  -0.7  -0.6
95  -0.6  -0.5
96  -0.5  -0.4
97  -0.4  -0.3
98  -0.3  -0.2
99  -0.2  -0.1
100  -0.1  0.0
101  0.0  0.1
102  0.1  0.2
103  0.2  0.3
104  0.3  0.4
105  0.4  0.5
106  0.5  0.6
107  0.6  0.7
108  0.7  0.8
109  0.8  0.9
110  0.9  1.0
111  1.0  1.1
112  1.1  1.2
113  1.2  1.3
114  1.3  1.4
115  1.4  1.5
116  1.5  1.6
117  1.6  1.7
118  1.7  1.8
119  1.8  1.9
120  1.9  2.0
121  2.0  2.1
122  2.1  2.2
123  2.2  2.3
124  2.3  2.4
125  2.4  2.5
126  2.5  2.6
127  2.6  2.7
128  2.7  2.8
129  2.8  2.9
130  2.9  3.0
131  3.0  3.1
132  3.1  3.2
133  3.2  3.3
134  3.3  3.4
135  3.4  3.5
136  3.5  3.6
137  3.6  3.7
138  3.7  3.8
139  3.8  3.9
140  3.9  4.0
141  4.0  4.1
142  4.1  4.2
143  4.2  4.3
144  4.3  4.4
145  4.4  4.5
146  4.5  4.6
147  4.6  4.7
148  4.7  4.8
149  4.8  4.9
150  4.9  5.0
151  5.0  5.1
152  5.1  5.2
153  5.2  5.3
154  5.3  5.4
155  5.4  5.5
156  5.5  5.6
157  5.6  5.7
158  5.7  5.8
159  5.8  5.9
160  5.9  6.0
161  6.0  6.1
162  6.1  6.2
163  6.2  6.3
164  6.3  6.4
165  6.4  6.5
166  6.5  6.6
167  6.6  6.7
168  6.7  6.8
169  6.8  6.9
170  6.9  7.0
171  7.0  7.1
172  7.1  7.2
173  7.2  7.3
174  7.3  7.4
175  7.4  7.5
176  7.5  7.6
177  7.6  7.7
178  7.7  7.8
179  7.8  7.9
180  7.9  8.0
181  8.0  8.1
182  8.1  8.2
183  8.2  8.3
184  8.3  8.4
185  8.4  8.5
186  8.5  8.6
187  8.6  8.7
188  8.7  8.8
189  8.8  8.9
190  8.9  9.0
191  9.0  9.1
192  9.1  9.2
193  9.2  9.3
194  9.3  9.4
195  9.4  9.5
196  9.5  9.6
197  9.6  9.7
198  9.7  9.8
199  9.8  9.9
200  9.9  10.0
1
1 0.0 1.0