# GEOMETRY:   CARTESIAN
256
1  -37.5  -37.20703125
2  -37.20703125  -36.9140625
3  -36.9140625  -36.62109375
4  -36.62109375  -36.328125
5  -36.328125  -36.03515625
6  -36.03515625  -35.7421875
7  -35.7421875  -35.44921875
8  -35.44921875  -35.15625
9  -35.15625  -34.86328125
10  -34.86328125  -34.5703125
11  -34.5703125  -34.27734375
12  -34.27734375  -33.984375
13  -33.984375  -33.69140625
14  -33.69140625  -33.3984375
15  -33.3984375  -33.10546875
16  -33.10546875  -32.8125
17  -32.8125  -32.51953125
18  -32.51953125  -32.2265625
19  -32.2265625  -31.93359375
20  -31.93359375  -31.640625
21  -31.640625  -31.34765625
22  -31.34765625  -31.0546875
23  -31.0546875  -30.76171875
24  -30.76171875  -30.46875
25  -30.46875  -30.17578125
26  -30.17578125  -29.8828125
27  -29.8828125  -29.58984375
28  -29.58984375  -29.296875
29  -29.296875  -29.00390625
30  -29.00390625  -28.7109375
31  -28.7109375  -28.41796875
32  -28.41796875  -28.125
33  -28.125  -27.83203125
34  -27.83203125  -27.5390625
35  -27.5390625  -27.24609375
36  -27.24609375  -26.953125
37  -26.953125  -26.66015625
38  -26.66015625  -26.3671875
39  -26.3671875  -26.07421875
40  -26.07421875  -25.78125
41  -25.78125  -25.48828125
42  -25.48828125  -25.1953125
43  -25.1953125  -24.90234375
44  -24.90234375  -24.609375
45  -24.609375  -24.31640625
46  -24.31640625  -24.0234375
47  -24.0234375  -23.73046875
48  -23.73046875  -23.4375
49  -23.4375  -23.14453125
50  -23.14453125  -22.8515625
51  -22.8515625  -22.55859375
52  -22.55859375  -22.265625
53  -22.265625  -21.97265625
54  -21.97265625  -21.6796875
55  -21.6796875  -21.38671875
56  -21.38671875  -21.09375
57  -21.09375  -20.80078125
58  -20.80078125  -20.5078125
59  -20.5078125  -20.21484375
60  -20.21484375  -19.921875
61  -19.921875  -19.62890625
62  -19.62890625  -19.3359375
63  -19.3359375  -19.04296875
64  -19.04296875  -18.75
65  -18.75  -18.45703125
66  -18.45703125  -18.1640625
67  -18.1640625  -17.87109375
68  -17.87109375  -17.578125
69  -17.578125  -17.28515625
70  -17.28515625  -16.9921875
71  -16.9921875  -16.69921875
72  -16.69921875  -16.40625
73  -16.40625  -16.11328125
74  -16.11328125  -15.8203125
75  -15.8203125  -15.52734375
76  -15.52734375  -15.234375
77  -15.234375  -14.94140625
78  -14.94140625  -14.6484375
79  -14.6484375  -14.35546875
80  -14.35546875  -14.0625
81  -14.0625  -13.76953125
82  -13.76953125  -13.4765625
83  -13.4765625  -13.18359375
84  -13.18359375  -12.890625
85  -12.890625  -12.59765625
86  -12.59765625  -12.3046875
87  -12.3046875  -12.01171875
88  -12.01171875  -11.71875
89  -11.71875  -11.42578125
90  -11.42578125  -11.1328125
91  -11.1328125  -10.83984375
92  -10.83984375  -10.546875
93  -10.546875  -10.25390625
94  -10.25390625  -9.9609375
95  -9.9609375  -9.66796875
96  -9.66796875  -9.375
97  -9.375  -9.08203125
98  -9.08203125  -8.7890625
99  -8.7890625  -8.49609375
100  -8.49609375  -8.203125
101  -8.203125  -7.91015625
102  -7.91015625  -7.6171875
103  -7.6171875  -7.32421875
104  -7.32421875  -7.03125
105  -7.03125  -6.73828125
106  -6.73828125  -6.4453125
107  -6.4453125  -6.15234375
108  -6.15234375  -5.859375
109  -5.859375  -5.56640625
110  -5.56640625  -5.2734375
111  -5.2734375  -4.98046875
112  -4.98046875  -4.6875
113  -4.6875  -4.39453125
114  -4.39453125  -4.1015625
115  -4.1015625  -3.80859375
116  -3.80859375  -3.515625
117  -3.515625  -3.22265625
118  -3.22265625  -2.9296875
119  -2.9296875  -2.63671875
120  -2.63671875  -2.34375
121  -2.34375  -2.05078125
122  -2.05078125  -1.7578125
123  -1.7578125  -1.46484375
124  -1.46484375  -1.171875
125  -1.171875  -0.87890625
126  -0.87890625  -0.5859375
127  -0.5859375  -0.29296875
128  -0.29296875  0.0
129  0.0  0.29296875
130  0.29296875  0.5859375
131  0.5859375  0.87890625
132  0.87890625  1.171875
133  1.171875  1.46484375
134  1.46484375  1.7578125
135  1.7578125  2.05078125
136  2.05078125  2.34375
137  2.34375  2.63671875
138  2.63671875  2.9296875
139  2.9296875  3.22265625
140  3.22265625  3.515625
141  3.515625  3.80859375
142  3.80859375  4.1015625
143  4.1015625  4.39453125
144  4.39453125  4.6875
145  4.6875  4.98046875
146  4.98046875  5.2734375
147  5.2734375  5.56640625
148  5.56640625  5.859375
149  5.859375  6.15234375
150  6.15234375  6.4453125
151  6.4453125  6.73828125
152  6.73828125  7.03125
153  7.03125  7.32421875
154  7.32421875  7.6171875
155  7.6171875  7.91015625
156  7.91015625  8.203125
157  8.203125  8.49609375
158  8.49609375  8.7890625
159  8.7890625  9.08203125
160  9.08203125  9.375
161  9.375  9.66796875
162  9.66796875  9.9609375
163  9.9609375  10.25390625
164  10.25390625  10.546875
165  10.546875  10.83984375
166  10.83984375  11.1328125
167  11.1328125  11.42578125
168  11.42578125  11.71875
169  11.71875  12.01171875
170  12.01171875  12.3046875
171  12.3046875  12.59765625
172  12.59765625  12.890625
173  12.890625  13.18359375
174  13.18359375  13.4765625
175  13.4765625  13.76953125
176  13.76953125  14.0625
177  14.0625  14.35546875
178  14.35546875  14.6484375
179  14.6484375  14.94140625
180  14.94140625  15.234375
181  15.234375  15.52734375
182  15.52734375  15.8203125
183  15.8203125  16.11328125
184  16.11328125  16.40625
185  16.40625  16.69921875
186  16.69921875  16.9921875
187  16.9921875  17.28515625
188  17.28515625  17.578125
189  17.578125  17.87109375
190  17.87109375  18.1640625
191  18.1640625  18.45703125
192  18.45703125  18.75
193  18.75  19.04296875
194  19.04296875  19.3359375
195  19.3359375  19.62890625
196  19.62890625  19.921875
197  19.921875  20.21484375
198  20.21484375  20.5078125
199  20.5078125  20.80078125
200  20.80078125  21.09375
201  21.09375  21.38671875
202  21.38671875  21.6796875
203  21.6796875  21.97265625
204  21.97265625  22.265625
205  22.265625  22.55859375
206  22.55859375  22.8515625
207  22.8515625  23.14453125
208  23.14453125  23.4375
209  23.4375  23.73046875
210  23.73046875  24.0234375
211  24.0234375  24.31640625
212  24.31640625  24.609375
213  24.609375  24.90234375
214  24.90234375  25.1953125
215  25.1953125  25.48828125
216  25.48828125  25.78125
217  25.78125  26.07421875
218  26.07421875  26.3671875
219  26.3671875  26.66015625
220  26.66015625  26.953125
221  26.953125  27.24609375
222  27.24609375  27.5390625
223  27.5390625  27.83203125
224  27.83203125  28.125
225  28.125  28.41796875
226  28.41796875  28.7109375
227  28.7109375  29.00390625
228  29.00390625  29.296875
229  29.296875  29.58984375
230  29.58984375  29.8828125
231  29.8828125  30.17578125
232  30.17578125  30.46875
233  30.46875  30.76171875
234  30.76171875  31.0546875
235  31.0546875  31.34765625
236  31.34765625  31.640625
237  31.640625  31.93359375
238  31.93359375  32.2265625
239  32.2265625  32.51953125
240  32.51953125  32.8125
241  32.8125  33.10546875
242  33.10546875  33.3984375
243  33.3984375  33.69140625
244  33.69140625  33.984375
245  33.984375  34.27734375
246  34.27734375  34.5703125
247  34.5703125  34.86328125
248  34.86328125  35.15625
249  35.15625  35.44921875
250  35.44921875  35.7421875
251  35.7421875  36.03515625
252  36.03515625  36.328125
253  36.328125  36.62109375
254  36.62109375  36.9140625
255  36.9140625  37.20703125
256  37.20703125  37.5
256
1  -37.5  -37.20703125
2  -37.20703125  -36.9140625
3  -36.9140625  -36.62109375
4  -36.62109375  -36.328125
5  -36.328125  -36.03515625
6  -36.03515625  -35.7421875
7  -35.7421875  -35.44921875
8  -35.44921875  -35.15625
9  -35.15625  -34.86328125
10  -34.86328125  -34.5703125
11  -34.5703125  -34.27734375
12  -34.27734375  -33.984375
13  -33.984375  -33.69140625
14  -33.69140625  -33.3984375
15  -33.3984375  -33.10546875
16  -33.10546875  -32.8125
17  -32.8125  -32.51953125
18  -32.51953125  -32.2265625
19  -32.2265625  -31.93359375
20  -31.93359375  -31.640625
21  -31.640625  -31.34765625
22  -31.34765625  -31.0546875
23  -31.0546875  -30.76171875
24  -30.76171875  -30.46875
25  -30.46875  -30.17578125
26  -30.17578125  -29.8828125
27  -29.8828125  -29.58984375
28  -29.58984375  -29.296875
29  -29.296875  -29.00390625
30  -29.00390625  -28.7109375
31  -28.7109375  -28.41796875
32  -28.41796875  -28.125
33  -28.125  -27.83203125
34  -27.83203125  -27.5390625
35  -27.5390625  -27.24609375
36  -27.24609375  -26.953125
37  -26.953125  -26.66015625
38  -26.66015625  -26.3671875
39  -26.3671875  -26.07421875
40  -26.07421875  -25.78125
41  -25.78125  -25.48828125
42  -25.48828125  -25.1953125
43  -25.1953125  -24.90234375
44  -24.90234375  -24.609375
45  -24.609375  -24.31640625
46  -24.31640625  -24.0234375
47  -24.0234375  -23.73046875
48  -23.73046875  -23.4375
49  -23.4375  -23.14453125
50  -23.14453125  -22.8515625
51  -22.8515625  -22.55859375
52  -22.55859375  -22.265625
53  -22.265625  -21.97265625
54  -21.97265625  -21.6796875
55  -21.6796875  -21.38671875
56  -21.38671875  -21.09375
57  -21.09375  -20.80078125
58  -20.80078125  -20.5078125
59  -20.5078125  -20.21484375
60  -20.21484375  -19.921875
61  -19.921875  -19.62890625
62  -19.62890625  -19.3359375
63  -19.3359375  -19.04296875
64  -19.04296875  -18.75
65  -18.75  -18.45703125
66  -18.45703125  -18.1640625
67  -18.1640625  -17.87109375
68  -17.87109375  -17.578125
69  -17.578125  -17.28515625
70  -17.28515625  -16.9921875
71  -16.9921875  -16.69921875
72  -16.69921875  -16.40625
73  -16.40625  -16.11328125
74  -16.11328125  -15.8203125
75  -15.8203125  -15.52734375
76  -15.52734375  -15.234375
77  -15.234375  -14.94140625
78  -14.94140625  -14.6484375
79  -14.6484375  -14.35546875
80  -14.35546875  -14.0625
81  -14.0625  -13.76953125
82  -13.76953125  -13.4765625
83  -13.4765625  -13.18359375
84  -13.18359375  -12.890625
85  -12.890625  -12.59765625
86  -12.59765625  -12.3046875
87  -12.3046875  -12.01171875
88  -12.01171875  -11.71875
89  -11.71875  -11.42578125
90  -11.42578125  -11.1328125
91  -11.1328125  -10.83984375
92  -10.83984375  -10.546875
93  -10.546875  -10.25390625
94  -10.25390625  -9.9609375
95  -9.9609375  -9.66796875
96  -9.66796875  -9.375
97  -9.375  -9.08203125
98  -9.08203125  -8.7890625
99  -8.7890625  -8.49609375
100  -8.49609375  -8.203125
101  -8.203125  -7.91015625
102  -7.91015625  -7.6171875
103  -7.6171875  -7.32421875
104  -7.32421875  -7.03125
105  -7.03125  -6.73828125
106  -6.73828125  -6.4453125
107  -6.4453125  -6.15234375
108  -6.15234375  -5.859375
109  -5.859375  -5.56640625
110  -5.56640625  -5.2734375
111  -5.2734375  -4.98046875
112  -4.98046875  -4.6875
113  -4.6875  -4.39453125
114  -4.39453125  -4.1015625
115  -4.1015625  -3.80859375
116  -3.80859375  -3.515625
117  -3.515625  -3.22265625
118  -3.22265625  -2.9296875
119  -2.9296875  -2.63671875
120  -2.63671875  -2.34375
121  -2.34375  -2.05078125
122  -2.05078125  -1.7578125
123  -1.7578125  -1.46484375
124  -1.46484375  -1.171875
125  -1.171875  -0.87890625
126  -0.87890625  -0.5859375
127  -0.5859375  -0.29296875
128  -0.29296875  0.0
129  0.0  0.29296875
130  0.29296875  0.5859375
131  0.5859375  0.87890625
132  0.87890625  1.171875
133  1.171875  1.46484375
134  1.46484375  1.7578125
135  1.7578125  2.05078125
136  2.05078125  2.34375
137  2.34375  2.63671875
138  2.63671875  2.9296875
139  2.9296875  3.22265625
140  3.22265625  3.515625
141  3.515625  3.80859375
142  3.80859375  4.1015625
143  4.1015625  4.39453125
144  4.39453125  4.6875
145  4.6875  4.98046875
146  4.98046875  5.2734375
147  5.2734375  5.56640625
148  5.56640625  5.859375
149  5.859375  6.15234375
150  6.15234375  6.4453125
151  6.4453125  6.73828125
152  6.73828125  7.03125
153  7.03125  7.32421875
154  7.32421875  7.6171875
155  7.6171875  7.91015625
156  7.91015625  8.203125
157  8.203125  8.49609375
158  8.49609375  8.7890625
159  8.7890625  9.08203125
160  9.08203125  9.375
161  9.375  9.66796875
162  9.66796875  9.9609375
163  9.9609375  10.25390625
164  10.25390625  10.546875
165  10.546875  10.83984375
166  10.83984375  11.1328125
167  11.1328125  11.42578125
168  11.42578125  11.71875
169  11.71875  12.01171875
170  12.01171875  12.3046875
171  12.3046875  12.59765625
172  12.59765625  12.890625
173  12.890625  13.18359375
174  13.18359375  13.4765625
175  13.4765625  13.76953125
176  13.76953125  14.0625
177  14.0625  14.35546875
178  14.35546875  14.6484375
179  14.6484375  14.94140625
180  14.94140625  15.234375
181  15.234375  15.52734375
182  15.52734375  15.8203125
183  15.8203125  16.11328125
184  16.11328125  16.40625
185  16.40625  16.69921875
186  16.69921875  16.9921875
187  16.9921875  17.28515625
188  17.28515625  17.578125
189  17.578125  17.87109375
190  17.87109375  18.1640625
191  18.1640625  18.45703125
192  18.45703125  18.75
193  18.75  19.04296875
194  19.04296875  19.3359375
195  19.3359375  19.62890625
196  19.62890625  19.921875
197  19.921875  20.21484375
198  20.21484375  20.5078125
199  20.5078125  20.80078125
200  20.80078125  21.09375
201  21.09375  21.38671875
202  21.38671875  21.6796875
203  21.6796875  21.97265625
204  21.97265625  22.265625
205  22.265625  22.55859375
206  22.55859375  22.8515625
207  22.8515625  23.14453125
208  23.14453125  23.4375
209  23.4375  23.73046875
210  23.73046875  24.0234375
211  24.0234375  24.31640625
212  24.31640625  24.609375
213  24.609375  24.90234375
214  24.90234375  25.1953125
215  25.1953125  25.48828125
216  25.48828125  25.78125
217  25.78125  26.07421875
218  26.07421875  26.3671875
219  26.3671875  26.66015625
220  26.66015625  26.953125
221  26.953125  27.24609375
222  27.24609375  27.5390625
223  27.5390625  27.83203125
224  27.83203125  28.125
225  28.125  28.41796875
226  28.41796875  28.7109375
227  28.7109375  29.00390625
228  29.00390625  29.296875
229  29.296875  29.58984375
230  29.58984375  29.8828125
231  29.8828125  30.17578125
232  30.17578125  30.46875
233  30.46875  30.76171875
234  30.76171875  31.0546875
235  31.0546875  31.34765625
236  31.34765625  31.640625
237  31.640625  31.93359375
238  31.93359375  32.2265625
239  32.2265625  32.51953125
240  32.51953125  32.8125
241  32.8125  33.10546875
242  33.10546875  33.3984375
243  33.3984375  33.69140625
244  33.69140625  33.984375
245  33.984375  34.27734375
246  34.27734375  34.5703125
247  34.5703125  34.86328125
248  34.86328125  35.15625
249  35.15625  35.44921875
250  35.44921875  35.7421875
251  35.7421875  36.03515625
252  36.03515625  36.328125
253  36.328125  36.62109375
254  36.62109375  36.9140625
255  36.9140625  37.20703125
256  37.20703125  37.5
256
1  -37.5  -37.20703125
2  -37.20703125  -36.9140625
3  -36.9140625  -36.62109375
4  -36.62109375  -36.328125
5  -36.328125  -36.03515625
6  -36.03515625  -35.7421875
7  -35.7421875  -35.44921875
8  -35.44921875  -35.15625
9  -35.15625  -34.86328125
10  -34.86328125  -34.5703125
11  -34.5703125  -34.27734375
12  -34.27734375  -33.984375
13  -33.984375  -33.69140625
14  -33.69140625  -33.3984375
15  -33.3984375  -33.10546875
16  -33.10546875  -32.8125
17  -32.8125  -32.51953125
18  -32.51953125  -32.2265625
19  -32.2265625  -31.93359375
20  -31.93359375  -31.640625
21  -31.640625  -31.34765625
22  -31.34765625  -31.0546875
23  -31.0546875  -30.76171875
24  -30.76171875  -30.46875
25  -30.46875  -30.17578125
26  -30.17578125  -29.8828125
27  -29.8828125  -29.58984375
28  -29.58984375  -29.296875
29  -29.296875  -29.00390625
30  -29.00390625  -28.7109375
31  -28.7109375  -28.41796875
32  -28.41796875  -28.125
33  -28.125  -27.83203125
34  -27.83203125  -27.5390625
35  -27.5390625  -27.24609375
36  -27.24609375  -26.953125
37  -26.953125  -26.66015625
38  -26.66015625  -26.3671875
39  -26.3671875  -26.07421875
40  -26.07421875  -25.78125
41  -25.78125  -25.48828125
42  -25.48828125  -25.1953125
43  -25.1953125  -24.90234375
44  -24.90234375  -24.609375
45  -24.609375  -24.31640625
46  -24.31640625  -24.0234375
47  -24.0234375  -23.73046875
48  -23.73046875  -23.4375
49  -23.4375  -23.14453125
50  -23.14453125  -22.8515625
51  -22.8515625  -22.55859375
52  -22.55859375  -22.265625
53  -22.265625  -21.97265625
54  -21.97265625  -21.6796875
55  -21.6796875  -21.38671875
56  -21.38671875  -21.09375
57  -21.09375  -20.80078125
58  -20.80078125  -20.5078125
59  -20.5078125  -20.21484375
60  -20.21484375  -19.921875
61  -19.921875  -19.62890625
62  -19.62890625  -19.3359375
63  -19.3359375  -19.04296875
64  -19.04296875  -18.75
65  -18.75  -18.45703125
66  -18.45703125  -18.1640625
67  -18.1640625  -17.87109375
68  -17.87109375  -17.578125
69  -17.578125  -17.28515625
70  -17.28515625  -16.9921875
71  -16.9921875  -16.69921875
72  -16.69921875  -16.40625
73  -16.40625  -16.11328125
74  -16.11328125  -15.8203125
75  -15.8203125  -15.52734375
76  -15.52734375  -15.234375
77  -15.234375  -14.94140625
78  -14.94140625  -14.6484375
79  -14.6484375  -14.35546875
80  -14.35546875  -14.0625
81  -14.0625  -13.76953125
82  -13.76953125  -13.4765625
83  -13.4765625  -13.18359375
84  -13.18359375  -12.890625
85  -12.890625  -12.59765625
86  -12.59765625  -12.3046875
87  -12.3046875  -12.01171875
88  -12.01171875  -11.71875
89  -11.71875  -11.42578125
90  -11.42578125  -11.1328125
91  -11.1328125  -10.83984375
92  -10.83984375  -10.546875
93  -10.546875  -10.25390625
94  -10.25390625  -9.9609375
95  -9.9609375  -9.66796875
96  -9.66796875  -9.375
97  -9.375  -9.08203125
98  -9.08203125  -8.7890625
99  -8.7890625  -8.49609375
100  -8.49609375  -8.203125
101  -8.203125  -7.91015625
102  -7.91015625  -7.6171875
103  -7.6171875  -7.32421875
104  -7.32421875  -7.03125
105  -7.03125  -6.73828125
106  -6.73828125  -6.4453125
107  -6.4453125  -6.15234375
108  -6.15234375  -5.859375
109  -5.859375  -5.56640625
110  -5.56640625  -5.2734375
111  -5.2734375  -4.98046875
112  -4.98046875  -4.6875
113  -4.6875  -4.39453125
114  -4.39453125  -4.1015625
115  -4.1015625  -3.80859375
116  -3.80859375  -3.515625
117  -3.515625  -3.22265625
118  -3.22265625  -2.9296875
119  -2.9296875  -2.63671875
120  -2.63671875  -2.34375
121  -2.34375  -2.05078125
122  -2.05078125  -1.7578125
123  -1.7578125  -1.46484375
124  -1.46484375  -1.171875
125  -1.171875  -0.87890625
126  -0.87890625  -0.5859375
127  -0.5859375  -0.29296875
128  -0.29296875  0.0
129  0.0  0.29296875
130  0.29296875  0.5859375
131  0.5859375  0.87890625
132  0.87890625  1.171875
133  1.171875  1.46484375
134  1.46484375  1.7578125
135  1.7578125  2.05078125
136  2.05078125  2.34375
137  2.34375  2.63671875
138  2.63671875  2.9296875
139  2.9296875  3.22265625
140  3.22265625  3.515625
141  3.515625  3.80859375
142  3.80859375  4.1015625
143  4.1015625  4.39453125
144  4.39453125  4.6875
145  4.6875  4.98046875
146  4.98046875  5.2734375
147  5.2734375  5.56640625
148  5.56640625  5.859375
149  5.859375  6.15234375
150  6.15234375  6.4453125
151  6.4453125  6.73828125
152  6.73828125  7.03125
153  7.03125  7.32421875
154  7.32421875  7.6171875
155  7.6171875  7.91015625
156  7.91015625  8.203125
157  8.203125  8.49609375
158  8.49609375  8.7890625
159  8.7890625  9.08203125
160  9.08203125  9.375
161  9.375  9.66796875
162  9.66796875  9.9609375
163  9.9609375  10.25390625
164  10.25390625  10.546875
165  10.546875  10.83984375
166  10.83984375  11.1328125
167  11.1328125  11.42578125
168  11.42578125  11.71875
169  11.71875  12.01171875
170  12.01171875  12.3046875
171  12.3046875  12.59765625
172  12.59765625  12.890625
173  12.890625  13.18359375
174  13.18359375  13.4765625
175  13.4765625  13.76953125
176  13.76953125  14.0625
177  14.0625  14.35546875
178  14.35546875  14.6484375
179  14.6484375  14.94140625
180  14.94140625  15.234375
181  15.234375  15.52734375
182  15.52734375  15.8203125
183  15.8203125  16.11328125
184  16.11328125  16.40625
185  16.40625  16.69921875
186  16.69921875  16.9921875
187  16.9921875  17.28515625
188  17.28515625  17.578125
189  17.578125  17.87109375
190  17.87109375  18.1640625
191  18.1640625  18.45703125
192  18.45703125  18.75
193  18.75  19.04296875
194  19.04296875  19.3359375
195  19.3359375  19.62890625
196  19.62890625  19.921875
197  19.921875  20.21484375
198  20.21484375  20.5078125
199  20.5078125  20.80078125
200  20.80078125  21.09375
201  21.09375  21.38671875
202  21.38671875  21.6796875
203  21.6796875  21.97265625
204  21.97265625  22.265625
205  22.265625  22.55859375
206  22.55859375  22.8515625
207  22.8515625  23.14453125
208  23.14453125  23.4375
209  23.4375  23.73046875
210  23.73046875  24.0234375
211  24.0234375  24.31640625
212  24.31640625  24.609375
213  24.609375  24.90234375
214  24.90234375  25.1953125
215  25.1953125  25.48828125
216  25.48828125  25.78125
217  25.78125  26.07421875
218  26.07421875  26.3671875
219  26.3671875  26.66015625
220  26.66015625  26.953125
221  26.953125  27.24609375
222  27.24609375  27.5390625
223  27.5390625  27.83203125
224  27.83203125  28.125
225  28.125  28.41796875
226  28.41796875  28.7109375
227  28.7109375  29.00390625
228  29.00390625  29.296875
229  29.296875  29.58984375
230  29.58984375  29.8828125
231  29.8828125  30.17578125
232  30.17578125  30.46875
233  30.46875  30.76171875
234  30.76171875  31.0546875
235  31.0546875  31.34765625
236  31.34765625  31.640625
237  31.640625  31.93359375
238  31.93359375  32.2265625
239  32.2265625  32.51953125
240  32.51953125  32.8125
241  32.8125  33.10546875
242  33.10546875  33.3984375
243  33.3984375  33.69140625
244  33.69140625  33.984375
245  33.984375  34.27734375
246  34.27734375  34.5703125
247  34.5703125  34.86328125
248  34.86328125  35.15625
249  35.15625  35.44921875
250  35.44921875  35.7421875
251  35.7421875  36.03515625
252  36.03515625  36.328125
253  36.328125  36.62109375
254  36.62109375  36.9140625
255  36.9140625  37.20703125
256  37.20703125  37.5
