# ******************************************************
# PLUTO 4.2 Grid File
# Generated on  Sun Aug 28 17:39:52 2016
# 
# DIMENSIONS: 2
# GEOMETRY:   CARTESIAN
# X1: [-10.000000,  10.000000], 162 point(s), 2 ghosts
# X2: [-10.000000,  10.000000], 162 point(s), 2 ghosts
# ******************************************************
162 
 1   -1.000000000000e+01    -9.876543209877e+00
 2   -9.876543209877e+00    -9.753086419753e+00
 3   -9.753086419753e+00    -9.629629629630e+00
 4   -9.629629629630e+00    -9.506172839506e+00
 5   -9.506172839506e+00    -9.382716049383e+00
 6   -9.382716049383e+00    -9.259259259259e+00
 7   -9.259259259259e+00    -9.135802469136e+00
 8   -9.135802469136e+00    -9.012345679012e+00
 9   -9.012345679012e+00    -8.888888888889e+00
 10   -8.888888888889e+00    -8.765432098765e+00
 11   -8.765432098765e+00    -8.641975308642e+00
 12   -8.641975308642e+00    -8.518518518519e+00
 13   -8.518518518519e+00    -8.395061728395e+00
 14   -8.395061728395e+00    -8.271604938272e+00
 15   -8.271604938272e+00    -8.148148148148e+00
 16   -8.148148148148e+00    -8.024691358025e+00
 17   -8.024691358025e+00    -7.901234567901e+00
 18   -7.901234567901e+00    -7.777777777778e+00
 19   -7.777777777778e+00    -7.654320987654e+00
 20   -7.654320987654e+00    -7.530864197531e+00
 21   -7.530864197531e+00    -7.407407407407e+00
 22   -7.407407407407e+00    -7.283950617284e+00
 23   -7.283950617284e+00    -7.160493827160e+00
 24   -7.160493827160e+00    -7.037037037037e+00
 25   -7.037037037037e+00    -6.913580246914e+00
 26   -6.913580246914e+00    -6.790123456790e+00
 27   -6.790123456790e+00    -6.666666666667e+00
 28   -6.666666666667e+00    -6.543209876543e+00
 29   -6.543209876543e+00    -6.419753086420e+00
 30   -6.419753086420e+00    -6.296296296296e+00
 31   -6.296296296296e+00    -6.172839506173e+00
 32   -6.172839506173e+00    -6.049382716049e+00
 33   -6.049382716049e+00    -5.925925925926e+00
 34   -5.925925925926e+00    -5.802469135802e+00
 35   -5.802469135802e+00    -5.679012345679e+00
 36   -5.679012345679e+00    -5.555555555556e+00
 37   -5.555555555556e+00    -5.432098765432e+00
 38   -5.432098765432e+00    -5.308641975309e+00
 39   -5.308641975309e+00    -5.185185185185e+00
 40   -5.185185185185e+00    -5.061728395062e+00
 41   -5.061728395062e+00    -4.938271604938e+00
 42   -4.938271604938e+00    -4.814814814815e+00
 43   -4.814814814815e+00    -4.691358024691e+00
 44   -4.691358024691e+00    -4.567901234568e+00
 45   -4.567901234568e+00    -4.444444444444e+00
 46   -4.444444444444e+00    -4.320987654321e+00
 47   -4.320987654321e+00    -4.197530864198e+00
 48   -4.197530864198e+00    -4.074074074074e+00
 49   -4.074074074074e+00    -3.950617283951e+00
 50   -3.950617283951e+00    -3.827160493827e+00
 51   -3.827160493827e+00    -3.703703703704e+00
 52   -3.703703703704e+00    -3.580246913580e+00
 53   -3.580246913580e+00    -3.456790123457e+00
 54   -3.456790123457e+00    -3.333333333333e+00
 55   -3.333333333333e+00    -3.209876543210e+00
 56   -3.209876543210e+00    -3.086419753086e+00
 57   -3.086419753086e+00    -2.962962962963e+00
 58   -2.962962962963e+00    -2.839506172840e+00
 59   -2.839506172840e+00    -2.716049382716e+00
 60   -2.716049382716e+00    -2.592592592593e+00
 61   -2.592592592593e+00    -2.469135802469e+00
 62   -2.469135802469e+00    -2.345679012346e+00
 63   -2.345679012346e+00    -2.222222222222e+00
 64   -2.222222222222e+00    -2.098765432099e+00
 65   -2.098765432099e+00    -1.975308641975e+00
 66   -1.975308641975e+00    -1.851851851852e+00
 67   -1.851851851852e+00    -1.728395061728e+00
 68   -1.728395061728e+00    -1.604938271605e+00
 69   -1.604938271605e+00    -1.481481481481e+00
 70   -1.481481481481e+00    -1.358024691358e+00
 71   -1.358024691358e+00    -1.234567901235e+00
 72   -1.234567901235e+00    -1.111111111111e+00
 73   -1.111111111111e+00    -9.876543209877e-01
 74   -9.876543209877e-01    -8.641975308642e-01
 75   -8.641975308642e-01    -7.407407407407e-01
 76   -7.407407407407e-01    -6.172839506173e-01
 77   -6.172839506173e-01    -4.938271604938e-01
 78   -4.938271604938e-01    -3.703703703704e-01
 79   -3.703703703704e-01    -2.469135802469e-01
 80   -2.469135802469e-01    -1.234567901235e-01
 81   -1.234567901235e-01    -5.551115123126e-16
 82   0.000000000000e+00    1.234567901235e-01
 83   1.234567901235e-01    2.469135802469e-01
 84   2.469135802469e-01    3.703703703704e-01
 85   3.703703703704e-01    4.938271604938e-01
 86   4.938271604938e-01    6.172839506173e-01
 87   6.172839506173e-01    7.407407407407e-01
 88   7.407407407407e-01    8.641975308642e-01
 89   8.641975308642e-01    9.876543209877e-01
 90   9.876543209877e-01    1.111111111111e+00
 91   1.111111111111e+00    1.234567901235e+00
 92   1.234567901235e+00    1.358024691358e+00
 93   1.358024691358e+00    1.481481481481e+00
 94   1.481481481481e+00    1.604938271605e+00
 95   1.604938271605e+00    1.728395061728e+00
 96   1.728395061728e+00    1.851851851852e+00
 97   1.851851851852e+00    1.975308641975e+00
 98   1.975308641975e+00    2.098765432099e+00
 99   2.098765432099e+00    2.222222222222e+00
 100   2.222222222222e+00    2.345679012346e+00
 101   2.345679012346e+00    2.469135802469e+00
 102   2.469135802469e+00    2.592592592593e+00
 103   2.592592592593e+00    2.716049382716e+00
 104   2.716049382716e+00    2.839506172840e+00
 105   2.839506172840e+00    2.962962962963e+00
 106   2.962962962963e+00    3.086419753086e+00
 107   3.086419753086e+00    3.209876543210e+00
 108   3.209876543210e+00    3.333333333333e+00
 109   3.333333333333e+00    3.456790123457e+00
 110   3.456790123457e+00    3.580246913580e+00
 111   3.580246913580e+00    3.703703703704e+00
 112   3.703703703704e+00    3.827160493827e+00
 113   3.827160493827e+00    3.950617283951e+00
 114   3.950617283951e+00    4.074074074074e+00
 115   4.074074074074e+00    4.197530864198e+00
 116   4.197530864198e+00    4.320987654321e+00
 117   4.320987654321e+00    4.444444444444e+00
 118   4.444444444444e+00    4.567901234568e+00
 119   4.567901234568e+00    4.691358024691e+00
 120   4.691358024691e+00    4.814814814815e+00
 121   4.814814814815e+00    4.938271604938e+00
 122   4.938271604938e+00    5.061728395062e+00
 123   5.061728395062e+00    5.185185185185e+00
 124   5.185185185185e+00    5.308641975309e+00
 125   5.308641975309e+00    5.432098765432e+00
 126   5.432098765432e+00    5.555555555556e+00
 127   5.555555555556e+00    5.679012345679e+00
 128   5.679012345679e+00    5.802469135802e+00
 129   5.802469135802e+00    5.925925925926e+00
 130   5.925925925926e+00    6.049382716049e+00
 131   6.049382716049e+00    6.172839506173e+00
 132   6.172839506173e+00    6.296296296296e+00
 133   6.296296296296e+00    6.419753086420e+00
 134   6.419753086420e+00    6.543209876543e+00
 135   6.543209876543e+00    6.666666666667e+00
 136   6.666666666667e+00    6.790123456790e+00
 137   6.790123456790e+00    6.913580246914e+00
 138   6.913580246914e+00    7.037037037037e+00
 139   7.037037037037e+00    7.160493827160e+00
 140   7.160493827160e+00    7.283950617284e+00
 141   7.283950617284e+00    7.407407407407e+00
 142   7.407407407407e+00    7.530864197531e+00
 143   7.530864197531e+00    7.654320987654e+00
 144   7.654320987654e+00    7.777777777778e+00
 145   7.777777777778e+00    7.901234567901e+00
 146   7.901234567901e+00    8.024691358025e+00
 147   8.024691358025e+00    8.148148148148e+00
 148   8.148148148148e+00    8.271604938272e+00
 149   8.271604938272e+00    8.395061728395e+00
 150   8.395061728395e+00    8.518518518519e+00
 151   8.518518518519e+00    8.641975308642e+00
 152   8.641975308642e+00    8.765432098765e+00
 153   8.765432098765e+00    8.888888888889e+00
 154   8.888888888889e+00    9.012345679012e+00
 155   9.012345679012e+00    9.135802469136e+00
 156   9.135802469136e+00    9.259259259259e+00
 157   9.259259259259e+00    9.382716049383e+00
 158   9.382716049383e+00    9.506172839506e+00
 159   9.506172839506e+00    9.629629629630e+00
 160   9.629629629630e+00    9.753086419753e+00
 161   9.753086419753e+00    9.876543209877e+00
 162   9.876543209877e+00    1.000000000000e+01
162 
 1   -1.000000000000e+01    -9.876543209877e+00
 2   -9.876543209877e+00    -9.753086419753e+00
 3   -9.753086419753e+00    -9.629629629630e+00
 4   -9.629629629630e+00    -9.506172839506e+00
 5   -9.506172839506e+00    -9.382716049383e+00
 6   -9.382716049383e+00    -9.259259259259e+00
 7   -9.259259259259e+00    -9.135802469136e+00
 8   -9.135802469136e+00    -9.012345679012e+00
 9   -9.012345679012e+00    -8.888888888889e+00
 10   -8.888888888889e+00    -8.765432098765e+00
 11   -8.765432098765e+00    -8.641975308642e+00
 12   -8.641975308642e+00    -8.518518518519e+00
 13   -8.518518518519e+00    -8.395061728395e+00
 14   -8.395061728395e+00    -8.271604938272e+00
 15   -8.271604938272e+00    -8.148148148148e+00
 16   -8.148148148148e+00    -8.024691358025e+00
 17   -8.024691358025e+00    -7.901234567901e+00
 18   -7.901234567901e+00    -7.777777777778e+00
 19   -7.777777777778e+00    -7.654320987654e+00
 20   -7.654320987654e+00    -7.530864197531e+00
 21   -7.530864197531e+00    -7.407407407407e+00
 22   -7.407407407407e+00    -7.283950617284e+00
 23   -7.283950617284e+00    -7.160493827160e+00
 24   -7.160493827160e+00    -7.037037037037e+00
 25   -7.037037037037e+00    -6.913580246914e+00
 26   -6.913580246914e+00    -6.790123456790e+00
 27   -6.790123456790e+00    -6.666666666667e+00
 28   -6.666666666667e+00    -6.543209876543e+00
 29   -6.543209876543e+00    -6.419753086420e+00
 30   -6.419753086420e+00    -6.296296296296e+00
 31   -6.296296296296e+00    -6.172839506173e+00
 32   -6.172839506173e+00    -6.049382716049e+00
 33   -6.049382716049e+00    -5.925925925926e+00
 34   -5.925925925926e+00    -5.802469135802e+00
 35   -5.802469135802e+00    -5.679012345679e+00
 36   -5.679012345679e+00    -5.555555555556e+00
 37   -5.555555555556e+00    -5.432098765432e+00
 38   -5.432098765432e+00    -5.308641975309e+00
 39   -5.308641975309e+00    -5.185185185185e+00
 40   -5.185185185185e+00    -5.061728395062e+00
 41   -5.061728395062e+00    -4.938271604938e+00
 42   -4.938271604938e+00    -4.814814814815e+00
 43   -4.814814814815e+00    -4.691358024691e+00
 44   -4.691358024691e+00    -4.567901234568e+00
 45   -4.567901234568e+00    -4.444444444444e+00
 46   -4.444444444444e+00    -4.320987654321e+00
 47   -4.320987654321e+00    -4.197530864198e+00
 48   -4.197530864198e+00    -4.074074074074e+00
 49   -4.074074074074e+00    -3.950617283951e+00
 50   -3.950617283951e+00    -3.827160493827e+00
 51   -3.827160493827e+00    -3.703703703704e+00
 52   -3.703703703704e+00    -3.580246913580e+00
 53   -3.580246913580e+00    -3.456790123457e+00
 54   -3.456790123457e+00    -3.333333333333e+00
 55   -3.333333333333e+00    -3.209876543210e+00
 56   -3.209876543210e+00    -3.086419753086e+00
 57   -3.086419753086e+00    -2.962962962963e+00
 58   -2.962962962963e+00    -2.839506172840e+00
 59   -2.839506172840e+00    -2.716049382716e+00
 60   -2.716049382716e+00    -2.592592592593e+00
 61   -2.592592592593e+00    -2.469135802469e+00
 62   -2.469135802469e+00    -2.345679012346e+00
 63   -2.345679012346e+00    -2.222222222222e+00
 64   -2.222222222222e+00    -2.098765432099e+00
 65   -2.098765432099e+00    -1.975308641975e+00
 66   -1.975308641975e+00    -1.851851851852e+00
 67   -1.851851851852e+00    -1.728395061728e+00
 68   -1.728395061728e+00    -1.604938271605e+00
 69   -1.604938271605e+00    -1.481481481481e+00
 70   -1.481481481481e+00    -1.358024691358e+00
 71   -1.358024691358e+00    -1.234567901235e+00
 72   -1.234567901235e+00    -1.111111111111e+00
 73   -1.111111111111e+00    -9.876543209877e-01
 74   -9.876543209877e-01    -8.641975308642e-01
 75   -8.641975308642e-01    -7.407407407407e-01
 76   -7.407407407407e-01    -6.172839506173e-01
 77   -6.172839506173e-01    -4.938271604938e-01
 78   -4.938271604938e-01    -3.703703703704e-01
 79   -3.703703703704e-01    -2.469135802469e-01
 80   -2.469135802469e-01    -1.234567901235e-01
 81   -1.234567901235e-01    -5.551115123126e-16
 82   0.000000000000e+00    1.234567901235e-01
 83   1.234567901235e-01    2.469135802469e-01
 84   2.469135802469e-01    3.703703703704e-01
 85   3.703703703704e-01    4.938271604938e-01
 86   4.938271604938e-01    6.172839506173e-01
 87   6.172839506173e-01    7.407407407407e-01
 88   7.407407407407e-01    8.641975308642e-01
 89   8.641975308642e-01    9.876543209877e-01
 90   9.876543209877e-01    1.111111111111e+00
 91   1.111111111111e+00    1.234567901235e+00
 92   1.234567901235e+00    1.358024691358e+00
 93   1.358024691358e+00    1.481481481481e+00
 94   1.481481481481e+00    1.604938271605e+00
 95   1.604938271605e+00    1.728395061728e+00
 96   1.728395061728e+00    1.851851851852e+00
 97   1.851851851852e+00    1.975308641975e+00
 98   1.975308641975e+00    2.098765432099e+00
 99   2.098765432099e+00    2.222222222222e+00
 100   2.222222222222e+00    2.345679012346e+00
 101   2.345679012346e+00    2.469135802469e+00
 102   2.469135802469e+00    2.592592592593e+00
 103   2.592592592593e+00    2.716049382716e+00
 104   2.716049382716e+00    2.839506172840e+00
 105   2.839506172840e+00    2.962962962963e+00
 106   2.962962962963e+00    3.086419753086e+00
 107   3.086419753086e+00    3.209876543210e+00
 108   3.209876543210e+00    3.333333333333e+00
 109   3.333333333333e+00    3.456790123457e+00
 110   3.456790123457e+00    3.580246913580e+00
 111   3.580246913580e+00    3.703703703704e+00
 112   3.703703703704e+00    3.827160493827e+00
 113   3.827160493827e+00    3.950617283951e+00
 114   3.950617283951e+00    4.074074074074e+00
 115   4.074074074074e+00    4.197530864198e+00
 116   4.197530864198e+00    4.320987654321e+00
 117   4.320987654321e+00    4.444444444444e+00
 118   4.444444444444e+00    4.567901234568e+00
 119   4.567901234568e+00    4.691358024691e+00
 120   4.691358024691e+00    4.814814814815e+00
 121   4.814814814815e+00    4.938271604938e+00
 122   4.938271604938e+00    5.061728395062e+00
 123   5.061728395062e+00    5.185185185185e+00
 124   5.185185185185e+00    5.308641975309e+00
 125   5.308641975309e+00    5.432098765432e+00
 126   5.432098765432e+00    5.555555555556e+00
 127   5.555555555556e+00    5.679012345679e+00
 128   5.679012345679e+00    5.802469135802e+00
 129   5.802469135802e+00    5.925925925926e+00
 130   5.925925925926e+00    6.049382716049e+00
 131   6.049382716049e+00    6.172839506173e+00
 132   6.172839506173e+00    6.296296296296e+00
 133   6.296296296296e+00    6.419753086420e+00
 134   6.419753086420e+00    6.543209876543e+00
 135   6.543209876543e+00    6.666666666667e+00
 136   6.666666666667e+00    6.790123456790e+00
 137   6.790123456790e+00    6.913580246914e+00
 138   6.913580246914e+00    7.037037037037e+00
 139   7.037037037037e+00    7.160493827160e+00
 140   7.160493827160e+00    7.283950617284e+00
 141   7.283950617284e+00    7.407407407407e+00
 142   7.407407407407e+00    7.530864197531e+00
 143   7.530864197531e+00    7.654320987654e+00
 144   7.654320987654e+00    7.777777777778e+00
 145   7.777777777778e+00    7.901234567901e+00
 146   7.901234567901e+00    8.024691358025e+00
 147   8.024691358025e+00    8.148148148148e+00
 148   8.148148148148e+00    8.271604938272e+00
 149   8.271604938272e+00    8.395061728395e+00
 150   8.395061728395e+00    8.518518518519e+00
 151   8.518518518519e+00    8.641975308642e+00
 152   8.641975308642e+00    8.765432098765e+00
 153   8.765432098765e+00    8.888888888889e+00
 154   8.888888888889e+00    9.012345679012e+00
 155   9.012345679012e+00    9.135802469136e+00
 156   9.135802469136e+00    9.259259259259e+00
 157   9.259259259259e+00    9.382716049383e+00
 158   9.382716049383e+00    9.506172839506e+00
 159   9.506172839506e+00    9.629629629630e+00
 160   9.629629629630e+00    9.753086419753e+00
 161   9.753086419753e+00    9.876543209877e+00
 162   9.876543209877e+00    1.000000000000e+01
1 
 1   -5.000000000000e+00    5.000000000000e+00
