# GEOMETRY:   CARTESIAN
162
1  -10.0  -9.87654320988
2  -9.87654320988  -9.75308641975
3  -9.75308641975  -9.62962962963
4  -9.62962962963  -9.50617283951
5  -9.50617283951  -9.38271604938
6  -9.38271604938  -9.25925925926
7  -9.25925925926  -9.13580246914
8  -9.13580246914  -9.01234567901
9  -9.01234567901  -8.88888888889
10  -8.88888888889  -8.76543209877
11  -8.76543209877  -8.64197530864
12  -8.64197530864  -8.51851851852
13  -8.51851851852  -8.3950617284
14  -8.3950617284  -8.27160493827
15  -8.27160493827  -8.14814814815
16  -8.14814814815  -8.02469135802
17  -8.02469135802  -7.9012345679
18  -7.9012345679  -7.77777777778
19  -7.77777777778  -7.65432098765
20  -7.65432098765  -7.53086419753
21  -7.53086419753  -7.40740740741
22  -7.40740740741  -7.28395061728
23  -7.28395061728  -7.16049382716
24  -7.16049382716  -7.03703703704
25  -7.03703703704  -6.91358024691
26  -6.91358024691  -6.79012345679
27  -6.79012345679  -6.66666666667
28  -6.66666666667  -6.54320987654
29  -6.54320987654  -6.41975308642
30  -6.41975308642  -6.2962962963
31  -6.2962962963  -6.17283950617
32  -6.17283950617  -6.04938271605
33  -6.04938271605  -5.92592592593
34  -5.92592592593  -5.8024691358
35  -5.8024691358  -5.67901234568
36  -5.67901234568  -5.55555555556
37  -5.55555555556  -5.43209876543
38  -5.43209876543  -5.30864197531
39  -5.30864197531  -5.18518518519
40  -5.18518518519  -5.06172839506
41  -5.06172839506  -4.93827160494
42  -4.93827160494  -4.81481481481
43  -4.81481481481  -4.69135802469
44  -4.69135802469  -4.56790123457
45  -4.56790123457  -4.44444444444
46  -4.44444444444  -4.32098765432
47  -4.32098765432  -4.1975308642
48  -4.1975308642  -4.07407407407
49  -4.07407407407  -3.95061728395
50  -3.95061728395  -3.82716049383
51  -3.82716049383  -3.7037037037
52  -3.7037037037  -3.58024691358
53  -3.58024691358  -3.45679012346
54  -3.45679012346  -3.33333333333
55  -3.33333333333  -3.20987654321
56  -3.20987654321  -3.08641975309
57  -3.08641975309  -2.96296296296
58  -2.96296296296  -2.83950617284
59  -2.83950617284  -2.71604938272
60  -2.71604938272  -2.59259259259
61  -2.59259259259  -2.46913580247
62  -2.46913580247  -2.34567901235
63  -2.34567901235  -2.22222222222
64  -2.22222222222  -2.0987654321
65  -2.0987654321  -1.97530864198
66  -1.97530864198  -1.85185185185
67  -1.85185185185  -1.72839506173
68  -1.72839506173  -1.6049382716
69  -1.6049382716  -1.48148148148
70  -1.48148148148  -1.35802469136
71  -1.35802469136  -1.23456790123
72  -1.23456790123  -1.11111111111
73  -1.11111111111  -0.987654320988
74  -0.987654320988  -0.864197530864
75  -0.864197530864  -0.740740740741
76  -0.740740740741  -0.617283950617
77  -0.617283950617  -0.493827160494
78  -0.493827160494  -0.37037037037
79  -0.37037037037  -0.246913580247
80  -0.246913580247  -0.123456790123
81  -0.123456790123  0.0
82  0.0  0.123456790123
83  0.123456790123  0.246913580247
84  0.246913580247  0.37037037037
85  0.37037037037  0.493827160494
86  0.493827160494  0.617283950617
87  0.617283950617  0.740740740741
88  0.740740740741  0.864197530864
89  0.864197530864  0.987654320988
90  0.987654320988  1.11111111111
91  1.11111111111  1.23456790123
92  1.23456790123  1.35802469136
93  1.35802469136  1.48148148148
94  1.48148148148  1.6049382716
95  1.6049382716  1.72839506173
96  1.72839506173  1.85185185185
97  1.85185185185  1.97530864198
98  1.97530864198  2.0987654321
99  2.0987654321  2.22222222222
100  2.22222222222  2.34567901235
101  2.34567901235  2.46913580247
102  2.46913580247  2.59259259259
103  2.59259259259  2.71604938272
104  2.71604938272  2.83950617284
105  2.83950617284  2.96296296296
106  2.96296296296  3.08641975309
107  3.08641975309  3.20987654321
108  3.20987654321  3.33333333333
109  3.33333333333  3.45679012346
110  3.45679012346  3.58024691358
111  3.58024691358  3.7037037037
112  3.7037037037  3.82716049383
113  3.82716049383  3.95061728395
114  3.95061728395  4.07407407407
115  4.07407407407  4.1975308642
116  4.1975308642  4.32098765432
117  4.32098765432  4.44444444444
118  4.44444444444  4.56790123457
119  4.56790123457  4.69135802469
120  4.69135802469  4.81481481481
121  4.81481481481  4.93827160494
122  4.93827160494  5.06172839506
123  5.06172839506  5.18518518519
124  5.18518518519  5.30864197531
125  5.30864197531  5.43209876543
126  5.43209876543  5.55555555556
127  5.55555555556  5.67901234568
128  5.67901234568  5.8024691358
129  5.8024691358  5.92592592593
130  5.92592592593  6.04938271605
131  6.04938271605  6.17283950617
132  6.17283950617  6.2962962963
133  6.2962962963  6.41975308642
134  6.41975308642  6.54320987654
135  6.54320987654  6.66666666667
136  6.66666666667  6.79012345679
137  6.79012345679  6.91358024691
138  6.91358024691  7.03703703704
139  7.03703703704  7.16049382716
140  7.16049382716  7.28395061728
141  7.28395061728  7.40740740741
142  7.40740740741  7.53086419753
143  7.53086419753  7.65432098765
144  7.65432098765  7.77777777778
145  7.77777777778  7.9012345679
146  7.9012345679  8.02469135802
147  8.02469135802  8.14814814815
148  8.14814814815  8.27160493827
149  8.27160493827  8.3950617284
150  8.3950617284  8.51851851852
151  8.51851851852  8.64197530864
152  8.64197530864  8.76543209877
153  8.76543209877  8.88888888889
154  8.88888888889  9.01234567901
155  9.01234567901  9.13580246914
156  9.13580246914  9.25925925926
157  9.25925925926  9.38271604938
158  9.38271604938  9.50617283951
159  9.50617283951  9.62962962963
160  9.62962962963  9.75308641975
161  9.75308641975  9.87654320988
162  9.87654320988  10.0
162
1  -10.0  -9.87654320988
2  -9.87654320988  -9.75308641975
3  -9.75308641975  -9.62962962963
4  -9.62962962963  -9.50617283951
5  -9.50617283951  -9.38271604938
6  -9.38271604938  -9.25925925926
7  -9.25925925926  -9.13580246914
8  -9.13580246914  -9.01234567901
9  -9.01234567901  -8.88888888889
10  -8.88888888889  -8.76543209877
11  -8.76543209877  -8.64197530864
12  -8.64197530864  -8.51851851852
13  -8.51851851852  -8.3950617284
14  -8.3950617284  -8.27160493827
15  -8.27160493827  -8.14814814815
16  -8.14814814815  -8.02469135802
17  -8.02469135802  -7.9012345679
18  -7.9012345679  -7.77777777778
19  -7.77777777778  -7.65432098765
20  -7.65432098765  -7.53086419753
21  -7.53086419753  -7.40740740741
22  -7.40740740741  -7.28395061728
23  -7.28395061728  -7.16049382716
24  -7.16049382716  -7.03703703704
25  -7.03703703704  -6.91358024691
26  -6.91358024691  -6.79012345679
27  -6.79012345679  -6.66666666667
28  -6.66666666667  -6.54320987654
29  -6.54320987654  -6.41975308642
30  -6.41975308642  -6.2962962963
31  -6.2962962963  -6.17283950617
32  -6.17283950617  -6.04938271605
33  -6.04938271605  -5.92592592593
34  -5.92592592593  -5.8024691358
35  -5.8024691358  -5.67901234568
36  -5.67901234568  -5.55555555556
37  -5.55555555556  -5.43209876543
38  -5.43209876543  -5.30864197531
39  -5.30864197531  -5.18518518519
40  -5.18518518519  -5.06172839506
41  -5.06172839506  -4.93827160494
42  -4.93827160494  -4.81481481481
43  -4.81481481481  -4.69135802469
44  -4.69135802469  -4.56790123457
45  -4.56790123457  -4.44444444444
46  -4.44444444444  -4.32098765432
47  -4.32098765432  -4.1975308642
48  -4.1975308642  -4.07407407407
49  -4.07407407407  -3.95061728395
50  -3.95061728395  -3.82716049383
51  -3.82716049383  -3.7037037037
52  -3.7037037037  -3.58024691358
53  -3.58024691358  -3.45679012346
54  -3.45679012346  -3.33333333333
55  -3.33333333333  -3.20987654321
56  -3.20987654321  -3.08641975309
57  -3.08641975309  -2.96296296296
58  -2.96296296296  -2.83950617284
59  -2.83950617284  -2.71604938272
60  -2.71604938272  -2.59259259259
61  -2.59259259259  -2.46913580247
62  -2.46913580247  -2.34567901235
63  -2.34567901235  -2.22222222222
64  -2.22222222222  -2.0987654321
65  -2.0987654321  -1.97530864198
66  -1.97530864198  -1.85185185185
67  -1.85185185185  -1.72839506173
68  -1.72839506173  -1.6049382716
69  -1.6049382716  -1.48148148148
70  -1.48148148148  -1.35802469136
71  -1.35802469136  -1.23456790123
72  -1.23456790123  -1.11111111111
73  -1.11111111111  -0.987654320988
74  -0.987654320988  -0.864197530864
75  -0.864197530864  -0.740740740741
76  -0.740740740741  -0.617283950617
77  -0.617283950617  -0.493827160494
78  -0.493827160494  -0.37037037037
79  -0.37037037037  -0.246913580247
80  -0.246913580247  -0.123456790123
81  -0.123456790123  0.0
82  0.0  0.123456790123
83  0.123456790123  0.246913580247
84  0.246913580247  0.37037037037
85  0.37037037037  0.493827160494
86  0.493827160494  0.617283950617
87  0.617283950617  0.740740740741
88  0.740740740741  0.864197530864
89  0.864197530864  0.987654320988
90  0.987654320988  1.11111111111
91  1.11111111111  1.23456790123
92  1.23456790123  1.35802469136
93  1.35802469136  1.48148148148
94  1.48148148148  1.6049382716
95  1.6049382716  1.72839506173
96  1.72839506173  1.85185185185
97  1.85185185185  1.97530864198
98  1.97530864198  2.0987654321
99  2.0987654321  2.22222222222
100  2.22222222222  2.34567901235
101  2.34567901235  2.46913580247
102  2.46913580247  2.59259259259
103  2.59259259259  2.71604938272
104  2.71604938272  2.83950617284
105  2.83950617284  2.96296296296
106  2.96296296296  3.08641975309
107  3.08641975309  3.20987654321
108  3.20987654321  3.33333333333
109  3.33333333333  3.45679012346
110  3.45679012346  3.58024691358
111  3.58024691358  3.7037037037
112  3.7037037037  3.82716049383
113  3.82716049383  3.95061728395
114  3.95061728395  4.07407407407
115  4.07407407407  4.1975308642
116  4.1975308642  4.32098765432
117  4.32098765432  4.44444444444
118  4.44444444444  4.56790123457
119  4.56790123457  4.69135802469
120  4.69135802469  4.81481481481
121  4.81481481481  4.93827160494
122  4.93827160494  5.06172839506
123  5.06172839506  5.18518518519
124  5.18518518519  5.30864197531
125  5.30864197531  5.43209876543
126  5.43209876543  5.55555555556
127  5.55555555556  5.67901234568
128  5.67901234568  5.8024691358
129  5.8024691358  5.92592592593
130  5.92592592593  6.04938271605
131  6.04938271605  6.17283950617
132  6.17283950617  6.2962962963
133  6.2962962963  6.41975308642
134  6.41975308642  6.54320987654
135  6.54320987654  6.66666666667
136  6.66666666667  6.79012345679
137  6.79012345679  6.91358024691
138  6.91358024691  7.03703703704
139  7.03703703704  7.16049382716
140  7.16049382716  7.28395061728
141  7.28395061728  7.40740740741
142  7.40740740741  7.53086419753
143  7.53086419753  7.65432098765
144  7.65432098765  7.77777777778
145  7.77777777778  7.9012345679
146  7.9012345679  8.02469135802
147  8.02469135802  8.14814814815
148  8.14814814815  8.27160493827
149  8.27160493827  8.3950617284
150  8.3950617284  8.51851851852
151  8.51851851852  8.64197530864
152  8.64197530864  8.76543209877
153  8.76543209877  8.88888888889
154  8.88888888889  9.01234567901
155  9.01234567901  9.13580246914
156  9.13580246914  9.25925925926
157  9.25925925926  9.38271604938
158  9.38271604938  9.50617283951
159  9.50617283951  9.62962962963
160  9.62962962963  9.75308641975
161  9.75308641975  9.87654320988
162  9.87654320988  10.0
1
1 0.0 1.0