# GEOMETRY:   CARTESIAN
128
1  -30.0  -29.53125
2  -29.53125  -29.0625
3  -29.0625  -28.59375
4  -28.59375  -28.125
5  -28.125  -27.65625
6  -27.65625  -27.1875
7  -27.1875  -26.71875
8  -26.71875  -26.25
9  -26.25  -25.78125
10  -25.78125  -25.3125
11  -25.3125  -24.84375
12  -24.84375  -24.375
13  -24.375  -23.90625
14  -23.90625  -23.4375
15  -23.4375  -22.96875
16  -22.96875  -22.5
17  -22.5  -22.03125
18  -22.03125  -21.5625
19  -21.5625  -21.09375
20  -21.09375  -20.625
21  -20.625  -20.15625
22  -20.15625  -19.6875
23  -19.6875  -19.21875
24  -19.21875  -18.75
25  -18.75  -18.28125
26  -18.28125  -17.8125
27  -17.8125  -17.34375
28  -17.34375  -16.875
29  -16.875  -16.40625
30  -16.40625  -15.9375
31  -15.9375  -15.46875
32  -15.46875  -15.0
33  -15.0  -14.53125
34  -14.53125  -14.0625
35  -14.0625  -13.59375
36  -13.59375  -13.125
37  -13.125  -12.65625
38  -12.65625  -12.1875
39  -12.1875  -11.71875
40  -11.71875  -11.25
41  -11.25  -10.78125
42  -10.78125  -10.3125
43  -10.3125  -9.84375
44  -9.84375  -9.375
45  -9.375  -8.90625
46  -8.90625  -8.4375
47  -8.4375  -7.96875
48  -7.96875  -7.5
49  -7.5  -7.03125
50  -7.03125  -6.5625
51  -6.5625  -6.09375
52  -6.09375  -5.625
53  -5.625  -5.15625
54  -5.15625  -4.6875
55  -4.6875  -4.21875
56  -4.21875  -3.75
57  -3.75  -3.28125
58  -3.28125  -2.8125
59  -2.8125  -2.34375
60  -2.34375  -1.875
61  -1.875  -1.40625
62  -1.40625  -0.9375
63  -0.9375  -0.46875
64  -0.46875  0.0
65  0.0  0.46875
66  0.46875  0.9375
67  0.9375  1.40625
68  1.40625  1.875
69  1.875  2.34375
70  2.34375  2.8125
71  2.8125  3.28125
72  3.28125  3.75
73  3.75  4.21875
74  4.21875  4.6875
75  4.6875  5.15625
76  5.15625  5.625
77  5.625  6.09375
78  6.09375  6.5625
79  6.5625  7.03125
80  7.03125  7.5
81  7.5  7.96875
82  7.96875  8.4375
83  8.4375  8.90625
84  8.90625  9.375
85  9.375  9.84375
86  9.84375  10.3125
87  10.3125  10.78125
88  10.78125  11.25
89  11.25  11.71875
90  11.71875  12.1875
91  12.1875  12.65625
92  12.65625  13.125
93  13.125  13.59375
94  13.59375  14.0625
95  14.0625  14.53125
96  14.53125  15.0
97  15.0  15.46875
98  15.46875  15.9375
99  15.9375  16.40625
100  16.40625  16.875
101  16.875  17.34375
102  17.34375  17.8125
103  17.8125  18.28125
104  18.28125  18.75
105  18.75  19.21875
106  19.21875  19.6875
107  19.6875  20.15625
108  20.15625  20.625
109  20.625  21.09375
110  21.09375  21.5625
111  21.5625  22.03125
112  22.03125  22.5
113  22.5  22.96875
114  22.96875  23.4375
115  23.4375  23.90625
116  23.90625  24.375
117  24.375  24.84375
118  24.84375  25.3125
119  25.3125  25.78125
120  25.78125  26.25
121  26.25  26.71875
122  26.71875  27.1875
123  27.1875  27.65625
124  27.65625  28.125
125  28.125  28.59375
126  28.59375  29.0625
127  29.0625  29.53125
128  29.53125  30.0
128
1  -30.0  -29.53125
2  -29.53125  -29.0625
3  -29.0625  -28.59375
4  -28.59375  -28.125
5  -28.125  -27.65625
6  -27.65625  -27.1875
7  -27.1875  -26.71875
8  -26.71875  -26.25
9  -26.25  -25.78125
10  -25.78125  -25.3125
11  -25.3125  -24.84375
12  -24.84375  -24.375
13  -24.375  -23.90625
14  -23.90625  -23.4375
15  -23.4375  -22.96875
16  -22.96875  -22.5
17  -22.5  -22.03125
18  -22.03125  -21.5625
19  -21.5625  -21.09375
20  -21.09375  -20.625
21  -20.625  -20.15625
22  -20.15625  -19.6875
23  -19.6875  -19.21875
24  -19.21875  -18.75
25  -18.75  -18.28125
26  -18.28125  -17.8125
27  -17.8125  -17.34375
28  -17.34375  -16.875
29  -16.875  -16.40625
30  -16.40625  -15.9375
31  -15.9375  -15.46875
32  -15.46875  -15.0
33  -15.0  -14.53125
34  -14.53125  -14.0625
35  -14.0625  -13.59375
36  -13.59375  -13.125
37  -13.125  -12.65625
38  -12.65625  -12.1875
39  -12.1875  -11.71875
40  -11.71875  -11.25
41  -11.25  -10.78125
42  -10.78125  -10.3125
43  -10.3125  -9.84375
44  -9.84375  -9.375
45  -9.375  -8.90625
46  -8.90625  -8.4375
47  -8.4375  -7.96875
48  -7.96875  -7.5
49  -7.5  -7.03125
50  -7.03125  -6.5625
51  -6.5625  -6.09375
52  -6.09375  -5.625
53  -5.625  -5.15625
54  -5.15625  -4.6875
55  -4.6875  -4.21875
56  -4.21875  -3.75
57  -3.75  -3.28125
58  -3.28125  -2.8125
59  -2.8125  -2.34375
60  -2.34375  -1.875
61  -1.875  -1.40625
62  -1.40625  -0.9375
63  -0.9375  -0.46875
64  -0.46875  0.0
65  0.0  0.46875
66  0.46875  0.9375
67  0.9375  1.40625
68  1.40625  1.875
69  1.875  2.34375
70  2.34375  2.8125
71  2.8125  3.28125
72  3.28125  3.75
73  3.75  4.21875
74  4.21875  4.6875
75  4.6875  5.15625
76  5.15625  5.625
77  5.625  6.09375
78  6.09375  6.5625
79  6.5625  7.03125
80  7.03125  7.5
81  7.5  7.96875
82  7.96875  8.4375
83  8.4375  8.90625
84  8.90625  9.375
85  9.375  9.84375
86  9.84375  10.3125
87  10.3125  10.78125
88  10.78125  11.25
89  11.25  11.71875
90  11.71875  12.1875
91  12.1875  12.65625
92  12.65625  13.125
93  13.125  13.59375
94  13.59375  14.0625
95  14.0625  14.53125
96  14.53125  15.0
97  15.0  15.46875
98  15.46875  15.9375
99  15.9375  16.40625
100  16.40625  16.875
101  16.875  17.34375
102  17.34375  17.8125
103  17.8125  18.28125
104  18.28125  18.75
105  18.75  19.21875
106  19.21875  19.6875
107  19.6875  20.15625
108  20.15625  20.625
109  20.625  21.09375
110  21.09375  21.5625
111  21.5625  22.03125
112  22.03125  22.5
113  22.5  22.96875
114  22.96875  23.4375
115  23.4375  23.90625
116  23.90625  24.375
117  24.375  24.84375
118  24.84375  25.3125
119  25.3125  25.78125
120  25.78125  26.25
121  26.25  26.71875
122  26.71875  27.1875
123  27.1875  27.65625
124  27.65625  28.125
125  28.125  28.59375
126  28.59375  29.0625
127  29.0625  29.53125
128  29.53125  30.0
128
1  -30.0  -29.53125
2  -29.53125  -29.0625
3  -29.0625  -28.59375
4  -28.59375  -28.125
5  -28.125  -27.65625
6  -27.65625  -27.1875
7  -27.1875  -26.71875
8  -26.71875  -26.25
9  -26.25  -25.78125
10  -25.78125  -25.3125
11  -25.3125  -24.84375
12  -24.84375  -24.375
13  -24.375  -23.90625
14  -23.90625  -23.4375
15  -23.4375  -22.96875
16  -22.96875  -22.5
17  -22.5  -22.03125
18  -22.03125  -21.5625
19  -21.5625  -21.09375
20  -21.09375  -20.625
21  -20.625  -20.15625
22  -20.15625  -19.6875
23  -19.6875  -19.21875
24  -19.21875  -18.75
25  -18.75  -18.28125
26  -18.28125  -17.8125
27  -17.8125  -17.34375
28  -17.34375  -16.875
29  -16.875  -16.40625
30  -16.40625  -15.9375
31  -15.9375  -15.46875
32  -15.46875  -15.0
33  -15.0  -14.53125
34  -14.53125  -14.0625
35  -14.0625  -13.59375
36  -13.59375  -13.125
37  -13.125  -12.65625
38  -12.65625  -12.1875
39  -12.1875  -11.71875
40  -11.71875  -11.25
41  -11.25  -10.78125
42  -10.78125  -10.3125
43  -10.3125  -9.84375
44  -9.84375  -9.375
45  -9.375  -8.90625
46  -8.90625  -8.4375
47  -8.4375  -7.96875
48  -7.96875  -7.5
49  -7.5  -7.03125
50  -7.03125  -6.5625
51  -6.5625  -6.09375
52  -6.09375  -5.625
53  -5.625  -5.15625
54  -5.15625  -4.6875
55  -4.6875  -4.21875
56  -4.21875  -3.75
57  -3.75  -3.28125
58  -3.28125  -2.8125
59  -2.8125  -2.34375
60  -2.34375  -1.875
61  -1.875  -1.40625
62  -1.40625  -0.9375
63  -0.9375  -0.46875
64  -0.46875  0.0
65  0.0  0.46875
66  0.46875  0.9375
67  0.9375  1.40625
68  1.40625  1.875
69  1.875  2.34375
70  2.34375  2.8125
71  2.8125  3.28125
72  3.28125  3.75
73  3.75  4.21875
74  4.21875  4.6875
75  4.6875  5.15625
76  5.15625  5.625
77  5.625  6.09375
78  6.09375  6.5625
79  6.5625  7.03125
80  7.03125  7.5
81  7.5  7.96875
82  7.96875  8.4375
83  8.4375  8.90625
84  8.90625  9.375
85  9.375  9.84375
86  9.84375  10.3125
87  10.3125  10.78125
88  10.78125  11.25
89  11.25  11.71875
90  11.71875  12.1875
91  12.1875  12.65625
92  12.65625  13.125
93  13.125  13.59375
94  13.59375  14.0625
95  14.0625  14.53125
96  14.53125  15.0
97  15.0  15.46875
98  15.46875  15.9375
99  15.9375  16.40625
100  16.40625  16.875
101  16.875  17.34375
102  17.34375  17.8125
103  17.8125  18.28125
104  18.28125  18.75
105  18.75  19.21875
106  19.21875  19.6875
107  19.6875  20.15625
108  20.15625  20.625
109  20.625  21.09375
110  21.09375  21.5625
111  21.5625  22.03125
112  22.03125  22.5
113  22.5  22.96875
114  22.96875  23.4375
115  23.4375  23.90625
116  23.90625  24.375
117  24.375  24.84375
118  24.84375  25.3125
119  25.3125  25.78125
120  25.78125  26.25
121  26.25  26.71875
122  26.71875  27.1875
123  27.1875  27.65625
124  27.65625  28.125
125  28.125  28.59375
126  28.59375  29.0625
127  29.0625  29.53125
128  29.53125  30.0
